Using pre-set license

 COMMAND LINE ARGUMENTS:
/Applications/Unity/Hub/Editor/2020.2.1f1/Unity.app/Contents/MacOS/Unity
-adb2
-batchMode
-noUpm
-name
AssetImportWorker2
-projectPath
/Users/alexveligurskiy/Unity_Projects/summonera/Hotspot_Project
-logFile
Logs/AssetImportWorker2.log
-srvPort
54482
Successfully changed project path to: /Users/alexveligurskiy/Unity_Projects/summonera/Hotspot_Project
/Users/alexveligurskiy/Unity_Projects/summonera/Hotspot_Project
Using Asset Import Pipeline V2.
Refreshing native plugins compatible for Editor in 17.82 ms, found 1 plugins.
Preloading 0 native plugins for Editor in 0.00 ms.
Initialize engine version: 2020.2.1f1 (270dd8c3da1c)
[Subsystems] Discovering subsystems at path /Applications/Unity/Hub/Editor/2020.2.1f1/Unity.app/Contents/Resources/UnitySubsystems
[Subsystems] Discovering subsystems at path /Users/alexveligurskiy/Unity_Projects/summonera/Hotspot_Project/Assets
GfxDevice: creating device client; threaded=0
2021-01-27 06:19:36.050 Unity[79119:7512450] Color LCD preferred device: AMD Radeon Pro 555X (high power)
2021-01-27 06:19:36.050 Unity[79119:7512450] Metal devices available: 2
2021-01-27 06:19:36.050 Unity[79119:7512450] 0: AMD Radeon Pro 555X (high power)
2021-01-27 06:19:36.050 Unity[79119:7512450] 1: Intel(R) UHD Graphics 630 (low power)
2021-01-27 06:19:36.052 Unity[79119:7512450] Using device AMD Radeon Pro 555X (high power)
Initializing Metal device caps: AMD Radeon Pro 555X
Initialize mono
Mono path[0] = '/Applications/Unity/Hub/Editor/2020.2.1f1/Unity.app/Contents/Managed'
Mono path[1] = '/Applications/Unity/Hub/Editor/2020.2.1f1/Unity.app/Contents/MonoBleedingEdge/lib/mono/unityjit'
Mono config path = '/Applications/Unity/Hub/Editor/2020.2.1f1/Unity.app/Contents/MonoBleedingEdge/etc'
Using monoOptions --debugger-agent=transport=dt_socket,embedding=1,server=y,suspend=n,address=127.0.0.1:56119
Begin MonoManager ReloadAssembly
Registering precompiled unity dll's ...
Register platform support module: /Applications/Unity/Hub/Editor/2020.2.1f1/Unity.app/Contents/PlaybackEngines/MacStandaloneSupport/UnityEditor.OSXStandalone.Extensions.dll
Registered in 0.002510 seconds.
Native extension for OSXStandalone target not found
Refreshing native plugins compatible for Editor in 14.59 ms, found 1 plugins.
Preloading 0 native plugins for Editor in 0.00 ms.
Invoked RoslynAnalysisRunner static constructor.
RoslynAnalysisRunner will not be running.
RoslynAnalysisRunner has terminated.
Mono: successfully reloaded assembly
- Completed reload, in  3.706 seconds
Platform modules already initialized, skipping
Registering precompiled user dll's ...
Registered in 0.000189 seconds.
Begin MonoManager ReloadAssembly
Native extension for OSXStandalone target not found
Refreshing native plugins compatible for Editor in 12.95 ms, found 1 plugins.
Preloading 0 native plugins for Editor in 0.00 ms.
Invoked RoslynAnalysisRunner static constructor.
RoslynAnalysisRunner will not be running.
RoslynAnalysisRunner has terminated.
Mono: successfully reloaded assembly
- Completed reload, in  0.935 seconds
Platform modules already initialized, skipping
========================================================================
Worker process is ready to serve import requests
Launching external process: /Applications/Unity/Hub/Editor/2020.2.1f1/Unity.app/Contents/Tools/UnityShaderCompiler
Launched and connected shader compiler UnityShaderCompiler after 0.08 seconds
Refreshing native plugins compatible for Editor in 0.24 ms, found 1 plugins.
Preloading 0 native plugins for Editor in 0.00 ms.
Unloading 1289 Unused Serialized files (Serialized files now loaded: 0)
System memory in use before: 132.4 MB.
System memory in use after: 132.4 MB.

Unloading 5 unused Assets to reduce memory usage. Loaded Objects now: 1744.
Total: 2.560390 ms (FindLiveObjects: 0.266569 ms CreateObjectMapping: 0.083892 ms MarkObjects: 2.110166 ms  DeleteObjects: 0.098061 ms)

========================================================================
Received Import Request.
  path: Assets/Clean Settings UI/Images/toggle_background_disabled.png
  artifactKey: Guid(1b0692daa539c49659e3b90580e17854) Importer(815301076,1909f56bfc062723c751e8b465ee728b)
Start importing Assets/Clean Settings UI/Images/toggle_background_disabled.png using Guid(1b0692daa539c49659e3b90580e17854) Importer(815301076,1909f56bfc062723c751e8b465ee728b)  -> (artifact id: '3598e0cbca820942e05885b6342bc759') in 0.348198 seconds
  Import took 0.351012 seconds .

========================================================================
Received Prepare
Registering precompiled user dll's ...
Registered in 0.000109 seconds.
Begin MonoManager ReloadAssembly
Native extension for OSXStandalone target not found
Refreshing native plugins compatible for Editor in 0.23 ms, found 1 plugins.
Preloading 0 native plugins for Editor in 0.00 ms.
Invoked RoslynAnalysisRunner static constructor.
RoslynAnalysisRunner will not be running.
RoslynAnalysisRunner has terminated.
Mono: successfully reloaded assembly
- Completed reload, in  0.812 seconds
Platform modules already initialized, skipping
Refreshing native plugins compatible for Editor in 0.25 ms, found 1 plugins.
Preloading 0 native plugins for Editor in 0.00 ms.
Unloading 1264 Unused Serialized files (Serialized files now loaded: 0)
System memory in use before: 137.4 MB.
System memory in use after: 137.5 MB.

Unloading 4 unused Assets to reduce memory usage. Loaded Objects now: 1751.
Total: 1.692172 ms (FindLiveObjects: 0.151976 ms CreateObjectMapping: 0.042460 ms MarkObjects: 1.442336 ms  DeleteObjects: 0.052583 ms)

========================================================================
Received Prepare
Registering precompiled user dll's ...
Registered in 0.000109 seconds.
Begin MonoManager ReloadAssembly
Native extension for OSXStandalone target not found
Refreshing native plugins compatible for Editor in 0.25 ms, found 1 plugins.
Preloading 0 native plugins for Editor in 0.00 ms.
Invoked RoslynAnalysisRunner static constructor.
RoslynAnalysisRunner will not be running.
RoslynAnalysisRunner has terminated.
Mono: successfully reloaded assembly
- Completed reload, in  0.823 seconds
Platform modules already initialized, skipping
Refreshing native plugins compatible for Editor in 0.30 ms, found 1 plugins.
Preloading 0 native plugins for Editor in 0.00 ms.
Unloading 1265 Unused Serialized files (Serialized files now loaded: 0)
System memory in use before: 137.8 MB.
System memory in use after: 137.9 MB.

Unloading 4 unused Assets to reduce memory usage. Loaded Objects now: 1752.
Total: 1.930825 ms (FindLiveObjects: 0.187862 ms CreateObjectMapping: 0.046925 ms MarkObjects: 1.633040 ms  DeleteObjects: 0.060426 ms)

========================================================================
Received Prepare
Registering precompiled user dll's ...
Registered in 0.000106 seconds.
Begin MonoManager ReloadAssembly
Native extension for OSXStandalone target not found
Refreshing native plugins compatible for Editor in 0.24 ms, found 1 plugins.
Preloading 0 native plugins for Editor in 0.00 ms.
Invoked RoslynAnalysisRunner static constructor.
RoslynAnalysisRunner will not be running.
RoslynAnalysisRunner has terminated.
Mono: successfully reloaded assembly
- Completed reload, in  0.828 seconds
Platform modules already initialized, skipping
Refreshing native plugins compatible for Editor in 0.27 ms, found 1 plugins.
Preloading 0 native plugins for Editor in 0.00 ms.
Unloading 1265 Unused Serialized files (Serialized files now loaded: 0)
System memory in use before: 138.1 MB.
System memory in use after: 138.2 MB.

Unloading 4 unused Assets to reduce memory usage. Loaded Objects now: 1753.
Total: 1.760700 ms (FindLiveObjects: 0.203903 ms CreateObjectMapping: 0.064139 ms MarkObjects: 1.434208 ms  DeleteObjects: 0.057037 ms)

========================================================================
Received Prepare
Registering precompiled user dll's ...
Registered in 0.000098 seconds.
Begin MonoManager ReloadAssembly
Native extension for OSXStandalone target not found
Refreshing native plugins compatible for Editor in 0.35 ms, found 1 plugins.
Preloading 0 native plugins for Editor in 0.00 ms.
Invoked RoslynAnalysisRunner static constructor.
RoslynAnalysisRunner will not be running.
RoslynAnalysisRunner has terminated.
Mono: successfully reloaded assembly
- Completed reload, in  0.802 seconds
Platform modules already initialized, skipping
Refreshing native plugins compatible for Editor in 0.24 ms, found 1 plugins.
Preloading 0 native plugins for Editor in 0.00 ms.
Unloading 1265 Unused Serialized files (Serialized files now loaded: 0)
System memory in use before: 138.4 MB.
System memory in use after: 138.4 MB.

Unloading 4 unused Assets to reduce memory usage. Loaded Objects now: 1754.
Total: 1.578669 ms (FindLiveObjects: 0.193777 ms CreateObjectMapping: 0.034054 ms MarkObjects: 1.308721 ms  DeleteObjects: 0.041361 ms)

========================================================================
Received Prepare
Registering precompiled user dll's ...
Registered in 0.000113 seconds.
Begin MonoManager ReloadAssembly
Native extension for OSXStandalone target not found
Refreshing native plugins compatible for Editor in 0.24 ms, found 1 plugins.
Preloading 0 native plugins for Editor in 0.00 ms.
Invoked RoslynAnalysisRunner static constructor.
RoslynAnalysisRunner will not be running.
RoslynAnalysisRunner has terminated.
Mono: successfully reloaded assembly
- Completed reload, in  0.846 seconds
Platform modules already initialized, skipping
Refreshing native plugins compatible for Editor in 0.25 ms, found 1 plugins.
Preloading 0 native plugins for Editor in 0.00 ms.
Unloading 1265 Unused Serialized files (Serialized files now loaded: 0)
System memory in use before: 138.8 MB.
System memory in use after: 138.9 MB.

Unloading 4 unused Assets to reduce memory usage. Loaded Objects now: 1755.
Total: 1.450946 ms (FindLiveObjects: 0.137413 ms CreateObjectMapping: 0.070072 ms MarkObjects: 1.202293 ms  DeleteObjects: 0.040447 ms)

========================================================================
Received Prepare
Registering precompiled user dll's ...
Registered in 0.000104 seconds.
Begin MonoManager ReloadAssembly
Native extension for OSXStandalone target not found
Refreshing native plugins compatible for Editor in 0.25 ms, found 1 plugins.
Preloading 0 native plugins for Editor in 0.00 ms.
Invoked RoslynAnalysisRunner static constructor.
RoslynAnalysisRunner will not be running.
RoslynAnalysisRunner has terminated.
Mono: successfully reloaded assembly
- Completed reload, in  0.918 seconds
Platform modules already initialized, skipping
Refreshing native plugins compatible for Editor in 0.24 ms, found 1 plugins.
Preloading 0 native plugins for Editor in 0.00 ms.
Unloading 1265 Unused Serialized files (Serialized files now loaded: 0)
System memory in use before: 139.1 MB.
System memory in use after: 139.2 MB.

Unloading 4 unused Assets to reduce memory usage. Loaded Objects now: 1756.
Total: 1.482146 ms (FindLiveObjects: 0.182388 ms CreateObjectMapping: 0.032434 ms MarkObjects: 1.222330 ms  DeleteObjects: 0.044216 ms)

========================================================================
Received Prepare
Registering precompiled user dll's ...
Registered in 0.000130 seconds.
Begin MonoManager ReloadAssembly
Native extension for OSXStandalone target not found
Refreshing native plugins compatible for Editor in 0.24 ms, found 1 plugins.
Preloading 0 native plugins for Editor in 0.00 ms.
Invoked RoslynAnalysisRunner static constructor.
RoslynAnalysisRunner will not be running.
RoslynAnalysisRunner has terminated.
Mono: successfully reloaded assembly
- Completed reload, in  0.847 seconds
Platform modules already initialized, skipping
Refreshing native plugins compatible for Editor in 0.33 ms, found 1 plugins.
Preloading 0 native plugins for Editor in 0.00 ms.
Unloading 1265 Unused Serialized files (Serialized files now loaded: 0)
System memory in use before: 139.4 MB.
System memory in use after: 139.5 MB.

Unloading 4 unused Assets to reduce memory usage. Loaded Objects now: 1757.
Total: 1.840006 ms (FindLiveObjects: 0.359542 ms CreateObjectMapping: 0.033967 ms MarkObjects: 1.402084 ms  DeleteObjects: 0.042740 ms)

========================================================================
Received Prepare
Registering precompiled user dll's ...
Registered in 0.000164 seconds.
Begin MonoManager ReloadAssembly
Native extension for OSXStandalone target not found
Refreshing native plugins compatible for Editor in 0.24 ms, found 1 plugins.
Preloading 0 native plugins for Editor in 0.00 ms.
Invoked RoslynAnalysisRunner static constructor.
RoslynAnalysisRunner will not be running.
RoslynAnalysisRunner has terminated.
Mono: successfully reloaded assembly
- Completed reload, in  0.835 seconds
Platform modules already initialized, skipping
Refreshing native plugins compatible for Editor in 0.23 ms, found 1 plugins.
Preloading 0 native plugins for Editor in 0.00 ms.
Unloading 1265 Unused Serialized files (Serialized files now loaded: 0)
System memory in use before: 139.8 MB.
System memory in use after: 139.8 MB.

Unloading 4 unused Assets to reduce memory usage. Loaded Objects now: 1758.
Total: 2.026119 ms (FindLiveObjects: 0.198904 ms CreateObjectMapping: 0.055894 ms MarkObjects: 1.703552 ms  DeleteObjects: 0.065949 ms)

